-------------------------------------------------------------------------------
Test set: com.theinternet.tests.MultipleWindowsTests
-------------------------------------------------------------------------------
Tests run: 1, Failures: 1, Errors: 0, Skipped: 0, Time elapsed: 14.33 s <<< FAILURE! -- in com.theinternet.tests.MultipleWindowsTests
com.theinternet.tests.MultipleWindowsTests.multipleWindowsTest -- Time elapsed: 14.32 s <<< FAILURE!
org.opentest4j.AssertionFailedError: expected: <New Window> but was: <Opening a new window>
	at org.junit.jupiter.api.AssertionFailureBuilder.build(AssertionFailureBuilder.java:151)
	at org.junit.jupiter.api.AssertionFailureBuilder.buildAndThrow(AssertionFailureBuilder.java:132)
	at org.junit.jupiter.api.AssertEquals.failNotEqual(AssertEquals.java:197)
	at org.junit.jupiter.api.AssertEquals.assertEquals(AssertEquals.java:182)
	at org.junit.jupiter.api.AssertEquals.assertEquals(AssertEquals.java:177)
	at org.junit.jupiter.api.Assertions.assertEquals(Assertions.java:1145)
	at com.theinternet.tests.MultipleWindowsTests.multipleWindowsTest(MultipleWindowsTests.java:22)
	at java.base/java.lang.reflect.Method.invoke(Method.java:580)
	at java.base/java.util.ArrayList.forEach(ArrayList.java:1596)
	at java.base/java.util.ArrayList.forEach(ArrayList.java:1596)

