<?xml version="1.0" encoding="UTF-8"?>
<testsuite xmlns:xsi="http://www.w3.org/2001/XMLSchema-instance" xsi:noNamespaceSchemaLocation="https://maven.apache.org/surefire/maven-surefire-plugin/xsd/surefire-test-report-3.0.xsd" version="3.0" name="com.theinternet.tests.JavascriptAlertsTests" time="56.255" tests="4" errors="0" skipped="0" failures="0">
  <properties>
[...]
</properties>
  <testcase name="promptAlertTest(String)[1]" classname="com.theinternet.tests.JavascriptAlertsTests" time="14.088"/>
  <testcase name="confirmAlertTest(String)[1]" classname="com.theinternet.tests.JavascriptAlertsTests" time="14.151"/>
  <testcase name="confirmAlertTest(String)[2]" classname="com.theinternet.tests.JavascriptAlertsTests" time="13.815"/>
  <testcase name="simpleAlertTest" classname="com.theinternet.tests.JavascriptAlertsTests" time="14.167"/>
</testsuite>